2023-10-17 14:50:46.702 | INFO     | __main__:ask_distance:43 - Пользователь ввёл число — 200000.0
2023-10-17 14:50:46.704 | INFO     | __main__:math:58 - Начинаем подсчёт
2023-10-17 14:50:46.704 | INFO     | __main__:math:62 - Подсчёт успешен — Рыбе, 4800.0
2023-10-17 14:50:46.704 | INFO     | __main__:min_to_hours:47 - Запущен перевод секунд в часы и минуты
2023-10-17 14:50:46.704 | INFO     | __main__:min_to_hours:54 - Получили результат — 01:20:00
2023-10-17 14:50:46.704 | INFO     | __main__:final:71 - в результат добавилась строка
2023-10-17 14:50:46.705 | INFO     | __main__:math:62 - Подсчёт успешен — Человеку, 3000.0
2023-10-17 14:50:46.705 | INFO     | __main__:min_to_hours:47 - Запущен перевод секунд в часы и минуты
2023-10-17 14:50:46.705 | INFO     | __main__:min_to_hours:54 - Получили результат — 00:50:00
2023-10-17 14:50:46.706 | INFO     | __main__:final:71 - в результат добавилась строка
2023-10-17 14:50:46.706 | INFO     | __main__:math:62 - Подсчёт успешен — Велосипеду, 400.0
2023-10-17 14:50:46.706 | INFO     | __main__:min_to_hours:47 - Запущен перевод секунд в часы и минуты
2023-10-17 14:50:46.706 | INFO     | __main__:min_to_hours:54 - Получили результат — 00:06:40
2023-10-17 14:50:46.706 | INFO     | __main__:final:71 - в результат добавилась строка
2023-10-17 14:50:46.706 | INFO     | __main__:math:62 - Подсчёт успешен — Горилле, 352.9411764705883
2023-10-17 14:50:46.707 | INFO     | __main__:min_to_hours:47 - Запущен перевод секунд в часы и минуты
2023-10-17 14:50:46.707 | INFO     | __main__:min_to_hours:54 - Получили результат — 00:05:52
2023-10-17 14:50:46.707 | INFO     | __main__:final:71 - в результат добавилась строка
2023-10-17 14:50:46.707 | INFO     | __main__:math:62 - Подсчёт успешен — Слону, 300.0
2023-10-17 14:50:46.707 | INFO     | __main__:min_to_hours:47 - Запущен перевод секунд в часы и минуты
2023-10-17 14:50:46.707 | INFO     | __main__:min_to_hours:54 - Получили результат — 00:05:00
2023-10-17 14:50:46.707 | INFO     | __main__:final:71 - в результат добавилась строка
2023-10-17 14:50:46.707 | INFO     | __main__:math:62 - Подсчёт успешен — Лосю, 266.6666666666667
2023-10-17 14:50:46.707 | INFO     | __main__:min_to_hours:47 - Запущен перевод секунд в часы и минуты
2023-10-17 14:50:46.708 | INFO     | __main__:min_to_hours:54 - Получили результат — 00:04:26
2023-10-17 14:50:46.708 | INFO     | __main__:final:71 - в результат добавилась строка
2023-10-17 14:50:46.709 | INFO     | __main__:math:62 - Подсчёт успешен — Носорогу, 250.00000000000003
2023-10-17 14:50:46.709 | INFO     | __main__:min_to_hours:47 - Запущен перевод секунд в часы и минуты
2023-10-17 14:50:46.709 | INFO     | __main__:min_to_hours:54 - Получили результат — 00:04:10
2023-10-17 14:50:46.709 | INFO     | __main__:final:71 - в результат добавилась строка
2023-10-17 14:50:46.709 | INFO     | __main__:math:62 - Подсчёт успешен — Кенгуру, 214.2857142857143
2023-10-17 14:50:46.709 | INFO     | __main__:min_to_hours:47 - Запущен перевод секунд в часы и минуты
2023-10-17 14:50:46.709 | INFO     | __main__:min_to_hours:54 - Получили результат — 00:03:34
2023-10-17 14:50:46.710 | INFO     | __main__:final:71 - в результат добавилась строка
2023-10-17 14:50:46.710 | INFO     | __main__:math:62 - Подсчёт успешен — Собаке, 166.66666666666666
2023-10-17 14:50:46.710 | INFO     | __main__:min_to_hours:47 - Запущен перевод секунд в часы и минуты
2023-10-17 14:50:46.710 | INFO     | __main__:min_to_hours:54 - Получили результат — 00:02:46
2023-10-17 14:50:46.710 | INFO     | __main__:final:71 - в результат добавилась строка
2023-10-17 14:50:46.710 | INFO     | __main__:math:62 - Подсчёт успешен — Соколу, 150.0
2023-10-17 14:50:46.710 | INFO     | __main__:min_to_hours:47 - Запущен перевод секунд в часы и минуты
2023-10-17 14:50:46.710 | INFO     | __main__:min_to_hours:54 - Получили результат — 00:02:30
2023-10-17 14:50:46.711 | INFO     | __main__:final:71 - в результат добавилась строка
2023-10-17 14:50:46.711 | INFO     | __main__:math:62 - Подсчёт успешен — Лошади, 136.36363636363637
2023-10-17 14:50:46.711 | INFO     | __main__:min_to_hours:47 - Запущен перевод секунд в часы и минуты
2023-10-17 14:50:46.711 | INFO     | __main__:min_to_hours:54 - Получили результат — 00:02:16
2023-10-17 14:50:46.711 | INFO     | __main__:final:71 - в результат добавилась строка
2023-10-17 14:50:46.711 | INFO     | __main__:math:62 - Подсчёт успешен — Гепарду, 100.0
2023-10-17 14:50:46.711 | INFO     | __main__:min_to_hours:47 - Запущен перевод секунд в часы и минуты
2023-10-17 14:50:46.711 | INFO     | __main__:min_to_hours:54 - Получили результат — 00:01:40
2023-10-17 14:50:46.711 | INFO     | __main__:final:71 - в результат добавилась строка
2023-10-17 14:50:46.712 | INFO     | __main__:math:62 - Подсчёт успешен — Автомобилю, 60.0
2023-10-17 14:50:46.712 | INFO     | __main__:min_to_hours:47 - Запущен перевод секунд в часы и минуты
2023-10-17 14:50:46.712 | INFO     | __main__:min_to_hours:54 - Получили результат — 00:01:00
2023-10-17 14:50:46.712 | INFO     | __main__:final:71 - в результат добавилась строка
2023-10-17 14:50:46.712 | INFO     | __main__:math:62 - Подсчёт успешен — Мотоциклу, 34.285714285714285
2023-10-17 14:50:46.712 | INFO     | __main__:min_to_hours:47 - Запущен перевод секунд в часы и минуты
2023-10-17 14:50:46.712 | INFO     | __main__:min_to_hours:54 - Получили результат — 00:00:34
2023-10-17 14:50:46.712 | INFO     | __main__:final:71 - в результат добавилась строка
2023-10-17 14:50:46.713 | INFO     | __main__:math:62 - Подсчёт успешен — Истребителю, 3.2432432432432434
2023-10-17 14:50:46.713 | INFO     | __main__:min_to_hours:47 - Запущен перевод секунд в часы и минуты
2023-10-17 14:50:46.713 | INFO     | __main__:min_to_hours:54 - Получили результат — 00:00:03
2023-10-17 14:50:46.713 | INFO     | __main__:final:71 - в результат добавилась строка
2023-10-17 14:50:46.713 | SUCCESS  | __main__:math:65 - Подсчёт окончен!
2023-10-17 14:51:34.865 | SUCCESS  | __main__:<module>:5 - Программа запущена!
2023-10-17 14:51:34.865 | INFO     | __main__:__init__:30 - Рабочий экземпляр создан
2023-10-17 14:51:36.764 | INFO     | __main__:ask_distance:42 - Пользователь ввёл число — 23.0
2023-10-17 14:51:36.765 | INFO     | __main__:math:57 - Начинаем подсчёт
2023-10-17 14:51:36.765 | INFO     | __main__:math:61 - Подсчёт успешен — Рыбе, 0.552
2023-10-17 14:51:36.765 | INFO     | __main__:min_to_hours:46 - Запущен перевод секунд в часы и минуты
2023-10-17 14:51:36.765 | INFO     | __main__:min_to_hours:53 - Получили результат — 00:00:00
2023-10-17 14:51:36.765 | INFO     | __main__:final:70 - в результат добавилась строка
2023-10-17 14:51:36.765 | INFO     | __main__:math:61 - Подсчёт успешен — Человеку, 0.345
2023-10-17 14:51:36.765 | INFO     | __main__:min_to_hours:46 - Запущен перевод секунд в часы и минуты
2023-10-17 14:51:36.766 | INFO     | __main__:min_to_hours:53 - Получили результат — 00:00:00
2023-10-17 14:51:36.766 | INFO     | __main__:final:70 - в результат добавилась строка
2023-10-17 14:51:36.766 | INFO     | __main__:math:61 - Подсчёт успешен — Велосипеду, 0.046
2023-10-17 14:51:36.766 | INFO     | __main__:min_to_hours:46 - Запущен перевод секунд в часы и минуты
2023-10-17 14:51:36.766 | INFO     | __main__:min_to_hours:53 - Получили результат — 00:00:00
2023-10-17 14:51:36.766 | INFO     | __main__:final:70 - в результат добавилась строка
2023-10-17 14:51:36.766 | INFO     | __main__:math:61 - Подсчёт успешен — Горилле, 0.04058823529411765
2023-10-17 14:51:36.766 | INFO     | __main__:min_to_hours:46 - Запущен перевод секунд в часы и минуты
2023-10-17 14:51:36.766 | INFO     | __main__:min_to_hours:53 - Получили результат — 00:00:00
2023-10-17 14:51:36.767 | INFO     | __main__:final:70 - в результат добавилась строка
2023-10-17 14:51:36.767 | INFO     | __main__:math:61 - Подсчёт успешен — Слону, 0.0345
2023-10-17 14:51:36.767 | INFO     | __main__:min_to_hours:46 - Запущен перевод секунд в часы и минуты
2023-10-17 14:51:36.767 | INFO     | __main__:min_to_hours:53 - Получили результат — 00:00:00
2023-10-17 14:51:36.767 | INFO     | __main__:final:70 - в результат добавилась строка
2023-10-17 14:51:36.767 | INFO     | __main__:math:61 - Подсчёт успешен — Лосю, 0.03066666666666666
2023-10-17 14:51:36.767 | INFO     | __main__:min_to_hours:46 - Запущен перевод секунд в часы и минуты
2023-10-17 14:51:36.767 | INFO     | __main__:min_to_hours:53 - Получили результат — 00:00:00
2023-10-17 14:51:36.768 | INFO     | __main__:final:70 - в результат добавилась строка
2023-10-17 14:51:36.768 | INFO     | __main__:math:61 - Подсчёт успешен — Носорогу, 0.028749999999999998
2023-10-17 14:51:36.768 | INFO     | __main__:min_to_hours:46 - Запущен перевод секунд в часы и минуты
2023-10-17 14:51:36.768 | INFO     | __main__:min_to_hours:53 - Получили результат — 00:00:00
2023-10-17 14:51:36.768 | INFO     | __main__:final:70 - в результат добавилась строка
2023-10-17 14:51:36.768 | INFO     | __main__:math:61 - Подсчёт успешен — Кенгуру, 0.02464285714285714
2023-10-17 14:51:36.769 | INFO     | __main__:min_to_hours:46 - Запущен перевод секунд в часы и минуты
2023-10-17 14:51:36.769 | INFO     | __main__:min_to_hours:53 - Получили результат — 00:00:00
2023-10-17 14:51:36.769 | INFO     | __main__:final:70 - в результат добавилась строка
2023-10-17 14:51:36.769 | INFO     | __main__:math:61 - Подсчёт успешен — Собаке, 0.01916666666666667
2023-10-17 14:51:36.769 | INFO     | __main__:min_to_hours:46 - Запущен перевод секунд в часы и минуты
2023-10-17 14:51:36.769 | INFO     | __main__:min_to_hours:53 - Получили результат — 00:00:00
2023-10-17 14:51:36.769 | INFO     | __main__:final:70 - в результат добавилась строка
2023-10-17 14:51:36.770 | INFO     | __main__:math:61 - Подсчёт успешен — Соколу, 0.01725
2023-10-17 14:51:36.770 | INFO     | __main__:min_to_hours:46 - Запущен перевод секунд в часы и минуты
2023-10-17 14:51:36.770 | INFO     | __main__:min_to_hours:53 - Получили результат — 00:00:00
2023-10-17 14:51:36.770 | INFO     | __main__:final:70 - в результат добавилась строка
2023-10-17 14:51:36.770 | INFO     | __main__:math:61 - Подсчёт успешен — Лошади, 0.015681818181818182
2023-10-17 14:51:36.770 | INFO     | __main__:min_to_hours:46 - Запущен перевод секунд в часы и минуты
2023-10-17 14:51:36.770 | INFO     | __main__:min_to_hours:53 - Получили результат — 00:00:00
2023-10-17 14:51:36.770 | INFO     | __main__:final:70 - в результат добавилась строка
2023-10-17 14:51:36.770 | INFO     | __main__:math:61 - Подсчёт успешен — Гепарду, 0.0115
2023-10-17 14:51:36.771 | INFO     | __main__:min_to_hours:46 - Запущен перевод секунд в часы и минуты
2023-10-17 14:51:36.771 | INFO     | __main__:min_to_hours:53 - Получили результат — 00:00:00
2023-10-17 14:51:36.771 | INFO     | __main__:final:70 - в результат добавилась строка
2023-10-17 14:51:36.771 | INFO     | __main__:math:61 - Подсчёт успешен — Автомобилю, 0.0069
2023-10-17 14:51:36.771 | INFO     | __main__:min_to_hours:46 - Запущен перевод секунд в часы и минуты
2023-10-17 14:51:36.771 | INFO     | __main__:min_to_hours:53 - Получили результат — 00:00:00
2023-10-17 14:51:36.771 | INFO     | __main__:final:70 - в результат добавилась строка
2023-10-17 14:51:36.771 | INFO     | __main__:math:61 - Подсчёт успешен — Мотоциклу, 0.003942857142857143
2023-10-17 14:51:36.772 | INFO     | __main__:min_to_hours:46 - Запущен перевод секунд в часы и минуты
2023-10-17 14:51:36.772 | INFO     | __main__:min_to_hours:53 - Получили результат — 00:00:00
2023-10-17 14:51:36.772 | INFO     | __main__:final:70 - в результат добавилась строка
2023-10-17 14:51:36.772 | INFO     | __main__:math:61 - Подсчёт успешен — Истребителю, 0.000372972972972973
2023-10-17 14:51:36.772 | INFO     | __main__:min_to_hours:46 - Запущен перевод секунд в часы и минуты
2023-10-17 14:51:36.772 | INFO     | __main__:min_to_hours:53 - Получили результат — 00:00:00
2023-10-17 14:51:36.772 | INFO     | __main__:final:70 - в результат добавилась строка
2023-10-17 14:51:36.772 | SUCCESS  | __main__:math:64 - Подсчёт окончен!
2023-10-17 14:51:45.964 | SUCCESS  | __main__:<module>:5 - Программа запущена!
2023-10-17 14:51:45.964 | INFO     | __main__:__init__:30 - Рабочий экземпляр создан
2023-10-17 14:51:48.528 | INFO     | __main__:ask_distance:42 - Пользователь ввёл число — 1000.0
2023-10-17 14:51:48.528 | INFO     | __main__:math:57 - Начинаем подсчёт
2023-10-17 14:51:48.529 | INFO     | __main__:math:61 - Подсчёт успешен — Рыбе, 24.0
2023-10-17 14:51:48.529 | INFO     | __main__:min_to_hours:46 - Запущен перевод секунд в часы и минуты
2023-10-17 14:51:48.529 | INFO     | __main__:min_to_hours:53 - Получили результат — 00:00:24
2023-10-17 14:51:48.529 | INFO     | __main__:final:70 - в результат добавилась строка
2023-10-17 14:51:48.529 | INFO     | __main__:math:61 - Подсчёт успешен — Человеку, 15.0
2023-10-17 14:51:48.530 | INFO     | __main__:min_to_hours:46 - Запущен перевод секунд в часы и минуты
2023-10-17 14:51:48.530 | INFO     | __main__:min_to_hours:53 - Получили результат — 00:00:15
2023-10-17 14:51:48.530 | INFO     | __main__:final:70 - в результат добавилась строка
2023-10-17 14:51:48.530 | INFO     | __main__:math:61 - Подсчёт успешен — Велосипеду, 2.0
2023-10-17 14:51:48.530 | INFO     | __main__:min_to_hours:46 - Запущен перевод секунд в часы и минуты
2023-10-17 14:51:48.530 | INFO     | __main__:min_to_hours:53 - Получили результат — 00:00:02
2023-10-17 14:51:48.530 | INFO     | __main__:final:70 - в результат добавилась строка
2023-10-17 14:51:48.530 | INFO     | __main__:math:61 - Подсчёт успешен — Горилле, 1.7647058823529411
2023-10-17 14:51:48.531 | INFO     | __main__:min_to_hours:46 - Запущен перевод секунд в часы и минуты
2023-10-17 14:51:48.531 | INFO     | __main__:min_to_hours:53 - Получили результат — 00:00:01
2023-10-17 14:51:48.531 | INFO     | __main__:final:70 - в результат добавилась строка
2023-10-17 14:51:48.531 | INFO     | __main__:math:61 - Подсчёт успешен — Слону, 1.5
2023-10-17 14:51:48.531 | INFO     | __main__:min_to_hours:46 - Запущен перевод секунд в часы и минуты
2023-10-17 14:51:48.531 | INFO     | __main__:min_to_hours:53 - Получили результат — 00:00:01
2023-10-17 14:51:48.531 | INFO     | __main__:final:70 - в результат добавилась строка
2023-10-17 14:51:48.531 | INFO     | __main__:math:61 - Подсчёт успешен — Лосю, 1.3333333333333335
2023-10-17 14:51:48.531 | INFO     | __main__:min_to_hours:46 - Запущен перевод секунд в часы и минуты
2023-10-17 14:51:48.532 | INFO     | __main__:min_to_hours:53 - Получили результат — 00:00:01
2023-10-17 14:51:48.532 | INFO     | __main__:final:70 - в результат добавилась строка
2023-10-17 14:51:48.532 | INFO     | __main__:math:61 - Подсчёт успешен — Носорогу, 1.25
2023-10-17 14:51:48.532 | INFO     | __main__:min_to_hours:46 - Запущен перевод секунд в часы и минуты
2023-10-17 14:51:48.532 | INFO     | __main__:min_to_hours:53 - Получили результат — 00:00:01
2023-10-17 14:51:48.532 | INFO     | __main__:final:70 - в результат добавилась строка
2023-10-17 14:51:48.532 | INFO     | __main__:math:61 - Подсчёт успешен — Кенгуру, 1.0714285714285714
2023-10-17 14:51:48.532 | INFO     | __main__:min_to_hours:46 - Запущен перевод секунд в часы и минуты
2023-10-17 14:51:48.532 | INFO     | __main__:min_to_hours:53 - Получили результат — 00:00:01
2023-10-17 14:51:48.533 | INFO     | __main__:final:70 - в результат добавилась строка
2023-10-17 14:51:48.533 | INFO     | __main__:math:61 - Подсчёт успешен — Собаке, 0.8333333333333333
2023-10-17 14:51:48.533 | INFO     | __main__:min_to_hours:46 - Запущен перевод секунд в часы и минуты
2023-10-17 14:51:48.533 | INFO     | __main__:min_to_hours:53 - Получили результат — 00:00:00
2023-10-17 14:51:48.533 | INFO     | __main__:final:70 - в результат добавилась строка
2023-10-17 14:51:48.533 | INFO     | __main__:math:61 - Подсчёт успешен — Соколу, 0.75
2023-10-17 14:51:48.533 | INFO     | __main__:min_to_hours:46 - Запущен перевод секунд в часы и минуты
2023-10-17 14:51:48.533 | INFO     | __main__:min_to_hours:53 - Получили результат — 00:00:00
2023-10-17 14:51:48.533 | INFO     | __main__:final:70 - в результат добавилась строка
2023-10-17 14:51:48.535 | INFO     | __main__:math:61 - Подсчёт успешен — Лошади, 0.6818181818181819
2023-10-17 14:51:48.535 | INFO     | __main__:min_to_hours:46 - Запущен перевод секунд в часы и минуты
2023-10-17 14:51:48.535 | INFO     | __main__:min_to_hours:53 - Получили результат — 00:00:00
2023-10-17 14:51:48.535 | INFO     | __main__:final:70 - в результат добавилась строка
2023-10-17 14:51:48.535 | INFO     | __main__:math:61 - Подсчёт успешен — Гепарду, 0.5
2023-10-17 14:51:48.535 | INFO     | __main__:min_to_hours:46 - Запущен перевод секунд в часы и минуты
2023-10-17 14:51:48.535 | INFO     | __main__:min_to_hours:53 - Получили результат — 00:00:00
2023-10-17 14:51:48.535 | INFO     | __main__:final:70 - в результат добавилась строка
2023-10-17 14:51:48.535 | INFO     | __main__:math:61 - Подсчёт успешен — Автомобилю, 0.3
2023-10-17 14:51:48.536 | INFO     | __main__:min_to_hours:46 - Запущен перевод секунд в часы и минуты
2023-10-17 14:51:48.536 | INFO     | __main__:min_to_hours:53 - Получили результат — 00:00:00
2023-10-17 14:51:48.536 | INFO     | __main__:final:70 - в результат добавилась строка
2023-10-17 14:51:48.536 | INFO     | __main__:math:61 - Подсчёт успешен — Мотоциклу, 0.17142857142857143
2023-10-17 14:51:48.536 | INFO     | __main__:min_to_hours:46 - Запущен перевод секунд в часы и минуты
2023-10-17 14:51:48.536 | INFO     | __main__:min_to_hours:53 - Получили результат — 00:00:00
2023-10-17 14:51:48.536 | INFO     | __main__:final:70 - в результат добавилась строка
2023-10-17 14:51:48.536 | INFO     | __main__:math:61 - Подсчёт успешен — Истребителю, 0.016216216216216217
2023-10-17 14:51:48.537 | INFO     | __main__:min_to_hours:46 - Запущен перевод секунд в часы и минуты
2023-10-17 14:51:48.537 | INFO     | __main__:min_to_hours:53 - Получили результат — 00:00:00
2023-10-17 14:51:48.537 | INFO     | __main__:final:70 - в результат добавилась строка
2023-10-17 14:51:48.537 | SUCCESS  | __main__:math:64 - Подсчёт окончен!
2023-10-17 14:54:11.012 | SUCCESS  | __main__:<module>:5 - Программа запущена!
2023-10-17 14:54:11.013 | INFO     | __main__:__init__:30 - Рабочий экземпляр создан
2023-10-17 14:54:22.527 | SUCCESS  | __main__:<module>:5 - Программа запущена!
2023-10-17 14:54:22.527 | INFO     | __main__:__init__:30 - Рабочий экземпляр создан
2023-10-17 14:54:25.294 | INFO     | __main__:ask_distance:42 - Пользователь ввёл число — 1000.0
2023-10-17 14:54:25.295 | INFO     | __main__:math:57 - Начинаем подсчёт
2023-10-17 14:54:25.295 | INFO     | __main__:math:61 - Подсчёт успешен — Рыбе, 1440.0
2023-10-17 14:54:25.295 | INFO     | __main__:min_to_hours:46 - Запущен перевод секунд в часы и минуты
2023-10-17 14:54:25.295 | INFO     | __main__:min_to_hours:53 - Получили результат — 00:24:00
2023-10-17 14:54:25.295 | INFO     | __main__:final:70 - в результат добавилась строка
2023-10-17 14:54:25.295 | INFO     | __main__:math:61 - Подсчёт успешен — Человеку, 900.0
2023-10-17 14:54:25.295 | INFO     | __main__:min_to_hours:46 - Запущен перевод секунд в часы и минуты
2023-10-17 14:54:25.295 | INFO     | __main__:min_to_hours:53 - Получили результат — 00:15:00
2023-10-17 14:54:25.295 | INFO     | __main__:final:70 - в результат добавилась строка
2023-10-17 14:54:25.296 | INFO     | __main__:math:61 - Подсчёт успешен — Велосипеду, 120.0
2023-10-17 14:54:25.296 | INFO     | __main__:min_to_hours:46 - Запущен перевод секунд в часы и минуты
2023-10-17 14:54:25.296 | INFO     | __main__:min_to_hours:53 - Получили результат — 00:02:00
2023-10-17 14:54:25.296 | INFO     | __main__:final:70 - в результат добавилась строка
2023-10-17 14:54:25.296 | INFO     | __main__:math:61 - Подсчёт успешен — Горилле, 105.88235294117646
2023-10-17 14:54:25.296 | INFO     | __main__:min_to_hours:46 - Запущен перевод секунд в часы и минуты
2023-10-17 14:54:25.296 | INFO     | __main__:min_to_hours:53 - Получили результат — 00:01:45
2023-10-17 14:54:25.296 | INFO     | __main__:final:70 - в результат добавилась строка
2023-10-17 14:54:25.297 | INFO     | __main__:math:61 - Подсчёт успешен — Слону, 90.0
2023-10-17 14:54:25.297 | INFO     | __main__:min_to_hours:46 - Запущен перевод секунд в часы и минуты
2023-10-17 14:54:25.297 | INFO     | __main__:min_to_hours:53 - Получили результат — 00:01:30
2023-10-17 14:54:25.297 | INFO     | __main__:final:70 - в результат добавилась строка
2023-10-17 14:54:25.297 | INFO     | __main__:math:61 - Подсчёт успешен — Лосю, 80.0
2023-10-17 14:54:25.297 | INFO     | __main__:min_to_hours:46 - Запущен перевод секунд в часы и минуты
2023-10-17 14:54:25.297 | INFO     | __main__:min_to_hours:53 - Получили результат — 00:01:20
2023-10-17 14:54:25.299 | INFO     | __main__:final:70 - в результат добавилась строка
2023-10-17 14:54:25.299 | INFO     | __main__:math:61 - Подсчёт успешен — Носорогу, 75.0
2023-10-17 14:54:25.299 | INFO     | __main__:min_to_hours:46 - Запущен перевод секунд в часы и минуты
2023-10-17 14:54:25.299 | INFO     | __main__:min_to_hours:53 - Получили результат — 00:01:15
2023-10-17 14:54:25.299 | INFO     | __main__:final:70 - в результат добавилась строка
2023-10-17 14:54:25.299 | INFO     | __main__:math:61 - Подсчёт успешен — Кенгуру, 64.28571428571428
2023-10-17 14:54:25.299 | INFO     | __main__:min_to_hours:46 - Запущен перевод секунд в часы и минуты
2023-10-17 14:54:25.300 | INFO     | __main__:min_to_hours:53 - Получили результат — 00:01:04
2023-10-17 14:54:25.300 | INFO     | __main__:final:70 - в результат добавилась строка
2023-10-17 14:54:25.300 | INFO     | __main__:math:61 - Подсчёт успешен — Собаке, 50.0
2023-10-17 14:54:25.300 | INFO     | __main__:min_to_hours:46 - Запущен перевод секунд в часы и минуты
2023-10-17 14:54:25.300 | INFO     | __main__:min_to_hours:53 - Получили результат — 00:00:50
2023-10-17 14:54:25.300 | INFO     | __main__:final:70 - в результат добавилась строка
2023-10-17 14:54:25.300 | INFO     | __main__:math:61 - Подсчёт успешен — Соколу, 45.0
2023-10-17 14:54:25.300 | INFO     | __main__:min_to_hours:46 - Запущен перевод секунд в часы и минуты
2023-10-17 14:54:25.301 | INFO     | __main__:min_to_hours:53 - Получили результат — 00:00:45
2023-10-17 14:54:25.301 | INFO     | __main__:final:70 - в результат добавилась строка
2023-10-17 14:54:25.301 | INFO     | __main__:math:61 - Подсчёт успешен — Лошади, 40.909090909090914
2023-10-17 14:54:25.301 | INFO     | __main__:min_to_hours:46 - Запущен перевод секунд в часы и минуты
2023-10-17 14:54:25.301 | INFO     | __main__:min_to_hours:53 - Получили результат — 00:00:40
2023-10-17 14:54:25.301 | INFO     | __main__:final:70 - в результат добавилась строка
2023-10-17 14:54:25.301 | INFO     | __main__:math:61 - Подсчёт успешен — Гепарду, 30.0
2023-10-17 14:54:25.301 | INFO     | __main__:min_to_hours:46 - Запущен перевод секунд в часы и минуты
2023-10-17 14:54:25.302 | INFO     | __main__:min_to_hours:53 - Получили результат — 00:00:30
2023-10-17 14:54:25.302 | INFO     | __main__:final:70 - в результат добавилась строка
2023-10-17 14:54:25.302 | INFO     | __main__:math:61 - Подсчёт успешен — Автомобилю, 18.0
2023-10-17 14:54:25.302 | INFO     | __main__:min_to_hours:46 - Запущен перевод секунд в часы и минуты
2023-10-17 14:54:25.302 | INFO     | __main__:min_to_hours:53 - Получили результат — 00:00:18
2023-10-17 14:54:25.302 | INFO     | __main__:final:70 - в результат добавилась строка
2023-10-17 14:54:25.302 | INFO     | __main__:math:61 - Подсчёт успешен — Мотоциклу, 10.285714285714286
2023-10-17 14:54:25.302 | INFO     | __main__:min_to_hours:46 - Запущен перевод секунд в часы и минуты
2023-10-17 14:54:25.302 | INFO     | __main__:min_to_hours:53 - Получили результат — 00:00:10
2023-10-17 14:54:25.303 | INFO     | __main__:final:70 - в результат добавилась строка
2023-10-17 14:54:25.303 | INFO     | __main__:math:61 - Подсчёт успешен — Истребителю, 0.972972972972973
2023-10-17 14:54:25.303 | INFO     | __main__:min_to_hours:46 - Запущен перевод секунд в часы и минуты
2023-10-17 14:54:25.303 | INFO     | __main__:min_to_hours:53 - Получили результат — 00:00:00
2023-10-17 14:54:25.303 | INFO     | __main__:final:70 - в результат добавилась строка
2023-10-17 14:54:25.303 | SUCCESS  | __main__:math:64 - Подсчёт окончен!
2023-10-17 14:54:33.575 | SUCCESS  | __main__:<module>:5 - Программа запущена!
2023-10-17 14:54:33.575 | INFO     | __main__:__init__:30 - Рабочий экземпляр создан
2023-10-17 14:54:37.628 | INFO     | __main__:ask_distance:42 - Пользователь ввёл число — 200000.0
2023-10-17 14:54:37.629 | INFO     | __main__:math:57 - Начинаем подсчёт
2023-10-17 14:54:37.629 | INFO     | __main__:math:61 - Подсчёт успешен — Рыбе, 288000.0
2023-10-17 14:54:37.629 | INFO     | __main__:min_to_hours:46 - Запущен перевод секунд в часы и минуты
2023-10-17 14:54:37.629 | INFO     | __main__:min_to_hours:53 - Получили результат — 08:00:00
2023-10-17 14:54:37.629 | INFO     | __main__:final:70 - в результат добавилась строка
2023-10-17 14:54:37.630 | INFO     | __main__:math:61 - Подсчёт успешен — Человеку, 180000.0
2023-10-17 14:54:37.630 | INFO     | __main__:min_to_hours:46 - Запущен перевод секунд в часы и минуты
2023-10-17 14:54:37.630 | INFO     | __main__:min_to_hours:53 - Получили результат — 02:00:00
2023-10-17 14:54:37.630 | INFO     | __main__:final:70 - в результат добавилась строка
2023-10-17 14:54:37.630 | INFO     | __main__:math:61 - Подсчёт успешен — Велосипеду, 24000.0
2023-10-17 14:54:37.630 | INFO     | __main__:min_to_hours:46 - Запущен перевод секунд в часы и минуты
2023-10-17 14:54:37.630 | INFO     | __main__:min_to_hours:53 - Получили результат — 06:40:00
2023-10-17 14:54:37.630 | INFO     | __main__:final:70 - в результат добавилась строка
2023-10-17 14:54:37.630 | INFO     | __main__:math:61 - Подсчёт успешен — Горилле, 21176.470588235297
2023-10-17 14:54:37.630 | INFO     | __main__:min_to_hours:46 - Запущен перевод секунд в часы и минуты
2023-10-17 14:54:37.630 | INFO     | __main__:min_to_hours:53 - Получили результат — 05:52:56
2023-10-17 14:54:37.631 | INFO     | __main__:final:70 - в результат добавилась строка
2023-10-17 14:54:37.631 | INFO     | __main__:math:61 - Подсчёт успешен — Слону, 18000.0
2023-10-17 14:54:37.631 | INFO     | __main__:min_to_hours:46 - Запущен перевод секунд в часы и минуты
2023-10-17 14:54:37.631 | INFO     | __main__:min_to_hours:53 - Получили результат — 05:00:00
2023-10-17 14:54:37.631 | INFO     | __main__:final:70 - в результат добавилась строка
2023-10-17 14:54:37.631 | INFO     | __main__:math:61 - Подсчёт успешен — Лосю, 16000.0
2023-10-17 14:54:37.631 | INFO     | __main__:min_to_hours:46 - Запущен перевод секунд в часы и минуты
2023-10-17 14:54:37.631 | INFO     | __main__:min_to_hours:53 - Получили результат — 04:26:40
2023-10-17 14:54:37.632 | INFO     | __main__:final:70 - в результат добавилась строка
2023-10-17 14:54:37.632 | INFO     | __main__:math:61 - Подсчёт успешен — Носорогу, 15000.000000000002
2023-10-17 14:54:37.632 | INFO     | __main__:min_to_hours:46 - Запущен перевод секунд в часы и минуты
2023-10-17 14:54:37.632 | INFO     | __main__:min_to_hours:53 - Получили результат — 04:10:00
2023-10-17 14:54:37.632 | INFO     | __main__:final:70 - в результат добавилась строка
2023-10-17 14:54:37.632 | INFO     | __main__:math:61 - Подсчёт успешен — Кенгуру, 12857.142857142859
2023-10-17 14:54:37.632 | INFO     | __main__:min_to_hours:46 - Запущен перевод секунд в часы и минуты
2023-10-17 14:54:37.633 | INFO     | __main__:min_to_hours:53 - Получили результат — 03:34:17
2023-10-17 14:54:37.633 | INFO     | __main__:final:70 - в результат добавилась строка
2023-10-17 14:54:37.633 | INFO     | __main__:math:61 - Подсчёт успешен — Собаке, 10000.0
2023-10-17 14:54:37.633 | INFO     | __main__:min_to_hours:46 - Запущен перевод секунд в часы и минуты
2023-10-17 14:54:37.633 | INFO     | __main__:min_to_hours:53 - Получили результат — 02:46:40
2023-10-17 14:54:37.633 | INFO     | __main__:final:70 - в результат добавилась строка
2023-10-17 14:54:37.633 | INFO     | __main__:math:61 - Подсчёт успешен — Соколу, 9000.0
2023-10-17 14:54:37.633 | INFO     | __main__:min_to_hours:46 - Запущен перевод секунд в часы и минуты
2023-10-17 14:54:37.633 | INFO     | __main__:min_to_hours:53 - Получили результат — 02:30:00
2023-10-17 14:54:37.634 | INFO     | __main__:final:70 - в результат добавилась строка
2023-10-17 14:54:37.634 | INFO     | __main__:math:61 - Подсчёт успешен — Лошади, 8181.818181818183
2023-10-17 14:54:37.634 | INFO     | __main__:min_to_hours:46 - Запущен перевод секунд в часы и минуты
2023-10-17 14:54:37.634 | INFO     | __main__:min_to_hours:53 - Получили результат — 02:16:21
2023-10-17 14:54:37.634 | INFO     | __main__:final:70 - в результат добавилась строка
2023-10-17 14:54:37.634 | INFO     | __main__:math:61 - Подсчёт успешен — Гепарду, 6000.0
2023-10-17 14:54:37.634 | INFO     | __main__:min_to_hours:46 - Запущен перевод секунд в часы и минуты
2023-10-17 14:54:37.634 | INFO     | __main__:min_to_hours:53 - Получили результат — 01:40:00
2023-10-17 14:54:37.635 | INFO     | __main__:final:70 - в результат добавилась строка
2023-10-17 14:54:37.635 | INFO     | __main__:math:61 - Подсчёт успешен — Автомобилю, 3600.0
2023-10-17 14:54:37.635 | INFO     | __main__:min_to_hours:46 - Запущен перевод секунд в часы и минуты
2023-10-17 14:54:37.635 | INFO     | __main__:min_to_hours:53 - Получили результат — 01:00:00
2023-10-17 14:54:37.635 | INFO     | __main__:final:70 - в результат добавилась строка
2023-10-17 14:54:37.635 | INFO     | __main__:math:61 - Подсчёт успешен — Мотоциклу, 2057.142857142857
2023-10-17 14:54:37.635 | INFO     | __main__:min_to_hours:46 - Запущен перевод секунд в часы и минуты
2023-10-17 14:54:37.635 | INFO     | __main__:min_to_hours:53 - Получили результат — 00:34:17
2023-10-17 14:54:37.635 | INFO     | __main__:final:70 - в результат добавилась строка
2023-10-17 14:54:37.636 | INFO     | __main__:math:61 - Подсчёт успешен — Истребителю, 194.5945945945946
2023-10-17 14:54:37.636 | INFO     | __main__:min_to_hours:46 - Запущен перевод секунд в часы и минуты
2023-10-17 14:54:37.636 | INFO     | __main__:min_to_hours:53 - Получили результат — 00:03:14
2023-10-17 14:54:37.636 | INFO     | __main__:final:70 - в результат добавилась строка
2023-10-17 14:54:37.636 | SUCCESS  | __main__:math:64 - Подсчёт окончен!
